<?xml version="1.0" encoding="UTF-8"?>
<testng-results skipped="0" failed="0" ignored="0" total="2" passed="2">
  <reporter-output>
  </reporter-output>
  <suite name="Default suite" duration-ms="32261" started-at="2020-10-31T06:54:34Z" finished-at="2020-10-31T06:55:06Z">
    <groups>
    </groups>
    <test name="Default test" duration-ms="32261" started-at="2020-10-31T06:54:34Z" finished-at="2020-10-31T06:55:06Z">
      <class name="pkg1.LaunchTest">
        <test-method status="PASS" signature="openGoogle()[pri:0, instance:pkg1.LaunchTest@7ee955a8]" name="openGoogle" duration-ms="11978" started-at="2020-10-31T06:54:34Z" finished-at="2020-10-31T06:54:46Z">
          <reporter-output>
          </reporter-output>
        </test-method> <!-- openGoogle -->
        <test-method status="PASS" signature="tearDown()[pri:0, instance:pkg1.LaunchTest@7ee955a8]" name="tearDown" is-config="true" duration-ms="188" started-at="2020-10-31T06:54:46Z" finished-at="2020-10-31T06:54:46Z">
          <reporter-output>
          </reporter-output>
        </test-method> <!-- tearDown -->
        <test-method status="PASS" signature="openStackOverFlow()[pri:0, instance:pkg1.LaunchTest@7ee955a8]" name="openStackOverFlow" duration-ms="19768" started-at="2020-10-31T06:54:46Z" finished-at="2020-10-31T06:55:06Z">
          <reporter-output>
          </reporter-output>
        </test-method> <!-- openStackOverFlow -->
        <test-method status="PASS" signature="tearDown()[pri:0, instance:pkg1.LaunchTest@7ee955a8]" name="tearDown" is-config="true" duration-ms="256" started-at="2020-10-31T06:55:06Z" finished-at="2020-10-31T06:55:06Z">
          <reporter-output>
          </reporter-output>
        </test-method> <!-- tearDown -->
      </class> <!-- pkg1.LaunchTest -->
    </test> <!-- Default test -->
  </suite> <!-- Default suite -->
</testng-results>
